<?xml version="1.0" encoding="UTF-8"?>
<!-- Generated by org.testng.reporters.JUnitXMLReporter -->
<testsuite hostname="DESKTOP-IOAL4D5" name="Test" tests="1" failures="1" timestamp="12 May 2019 12:07:09 GMT" time="0.162" errors="0">
  <testcase name="pagenavigation" time="0.097" classname="TestCases.ValidateNavigation">
    <failure type="java.lang.NoClassDefFoundError" message="com/google/common/base/Function">
      <![CDATA[java.lang.NoClassDefFoundError: com/google/common/base/Function
	at resouces.BaseClass.initilizeDriver(BaseClass.java:28)
	at TestCases.ValidateNavigation.pagenavigation(ValidateNavigation.java:18)
Caused by: java.lang.ClassNotFoundException: com.google.common.base.Function
	at java.net.URLClassLoader.findClass(URLClassLoader.java:381)
	at java.lang.ClassLoader.loadClass(ClassLoader.java:424)
	at sun.misc.Launcher$AppClassLoader.loadClass(Launcher.java:349)
	at java.lang.ClassLoader.loadClass(ClassLoader.java:357)
	... 30 more
... Removed 28 stack frames]]>
    </failure>
  </testcase> <!-- pagenavigation -->
</testsuite> <!-- Test -->
